This is pdfTeX, Version 3.14159265-2.6-1.40.20 (TeX Live 2019/Debian) (preloaded format=pdflatex 2023.6.1)  18 JUL 2023 09:59
entering extended mode
 \write18 enabled.
 %&-line parsing enabled.
**sample-2col+minted
(./sample-2col+minted.tex
LaTeX2e <2020-02-02> patch level 2
L3 programming layer <2020-02-14> (./ceurart.cls
Document Class: ceurart 2023/06/14, 0.4.11: Typesetting articles for CEUR Works
hop Proceedings (CEUR-WS.org)
(/usr/share/texlive/texmf-dist/tex/latex/l3kernel/expl3.sty
Package: expl3 2020-02-14 L3 programming layer (loader) 

(/usr/share/texlive/texmf-dist/tex/latex/l3backend/l3backend-pdfmode.def
File: l3backend-pdfmode.def 2020-02-03 L3 backend support: PDF mode
\l__kernel_color_stack_int=\count167
\l__pdf_internal_box=\box45
))
(/usr/share/texlive/texmf-dist/tex/latex/l3packages/xparse/xparse.sty
Package: xparse 2020-02-14 L3 Experimental document command parser
\l__xparse_current_arg_int=\count168
\g__xparse_grabber_int=\count169
\l__xparse_m_args_int=\count170
\l__xparse_v_nesting_int=\count171
)
\c@blind=\count172

(/usr/share/texlive/texmf-dist/tex/latex/koma-script/scrartcl.cls
Document Class: scrartcl 2020/01/24 v3.29 KOMA-Script document class (article)
(/usr/share/texlive/texmf-dist/tex/latex/koma-script/scrkbase.sty
Package: scrkbase 2020/01/24 v3.29 KOMA-Script package (KOMA-Script-dependent b
asics and keyval usage)

(/usr/share/texlive/texmf-dist/tex/latex/koma-script/scrbase.sty
Package: scrbase 2020/01/24 v3.29 KOMA-Script package (KOMA-Script-independent 
basics and keyval usage)

(/usr/share/texlive/texmf-dist/tex/latex/graphics/keyval.sty
Package: keyval 2014/10/28 v1.15 key=value parser (DPC)
\KV@toks@=\toks14
)
(/usr/share/texlive/texmf-dist/tex/latex/koma-script/scrlfile.sty
Package: scrlfile 2020/01/24 v3.29 KOMA-Script package (loading files)
)))
(/usr/share/texlive/texmf-dist/tex/latex/koma-script/tocbasic.sty
Package: tocbasic 2020/01/24 v3.29 KOMA-Script package (handling toc-files)
\scr@dte@tocline@numberwidth=\skip47
\scr@dte@tocline@numbox=\box46
)
Package tocbasic Info: omitting babel extension for `toc'
(tocbasic)             because of feature `nobabel' available
(tocbasic)             for `toc' on input line 137.
Class scrartcl Info: File `scrsize11pt.clo' used instead of
(scrartcl)           file `scrsize11.clo' to setup font sizes on input line 221
2.

(/usr/share/texlive/texmf-dist/tex/latex/koma-script/scrsize11pt.clo
File: scrsize11pt.clo 2020/01/24 v3.29 KOMA-Script font size class option (11pt
)
)
(/usr/share/texlive/texmf-dist/tex/latex/koma-script/typearea.sty
Package: typearea 2020/01/24 v3.29 KOMA-Script package (type area)
\ta@bcor=\skip48
\ta@div=\count173
\ta@hblk=\skip49
\ta@vblk=\skip50
\ta@temp=\skip51
\footheight=\skip52
Package typearea Info: These are the values describing the layout:
(typearea)             DIV  = 10
(typearea)             BCOR = 0.0pt
(typearea)             \paperwidth      = 597.50793pt
(typearea)              \textwidth      = 418.25555pt
(typearea)              DIV departure   = -6%
(typearea)              \evensidemargin = 17.3562pt
(typearea)              \oddsidemargin  = 17.3562pt
(typearea)             \paperheight     = 845.04694pt
(typearea)              \textheight     = 595.80026pt
(typearea)              \topmargin      = -25.16531pt
(typearea)              \headheight     = 17.0pt
(typearea)              \headsep        = 20.40001pt
(typearea)              \topskip        = 11.0pt
(typearea)              \footskip       = 47.6pt
(typearea)              \baselineskip   = 13.6pt
(typearea)              on input line 1719.
)
\c@part=\count174
\c@section=\count175
\c@subsection=\count176
\c@subsubsection=\count177
\c@paragraph=\count178
\c@subparagraph=\count179
\scr@dte@section@maxnumwidth=\skip53
Class scrartcl Info: using compatibility default `runin=bysign'
(scrartcl)           for `\section on input line 4723.
Class scrartcl Info: using compatibility default `afterindent=bysign'
(scrartcl)           for `\section on input line 4723.
\scr@dte@part@maxnumwidth=\skip54
Class scrartcl Info: using compatibility default `afterindent=false'
(scrartcl)           for `\part on input line 4731.
\scr@dte@subsection@maxnumwidth=\skip55
Class scrartcl Info: using compatibility default `runin=bysign'
(scrartcl)           for `\subsection on input line 4741.
Class scrartcl Info: using compatibility default `afterindent=bysign'
(scrartcl)           for `\subsection on input line 4741.
\scr@dte@subsubsection@maxnumwidth=\skip56
Class scrartcl Info: using compatibility default `runin=bysign'
(scrartcl)           for `\subsubsection on input line 4751.
Class scrartcl Info: using compatibility default `afterindent=bysign'
(scrartcl)           for `\subsubsection on input line 4751.
\scr@dte@paragraph@maxnumwidth=\skip57
Class scrartcl Info: using compatibility default `runin=bysign'
(scrartcl)           for `\paragraph on input line 4761.
Class scrartcl Info: using compatibility default `afterindent=bysign'
(scrartcl)           for `\paragraph on input line 4761.
\scr@dte@subparagraph@maxnumwidth=\skip58
Class scrartcl Info: using compatibility default `runin=bysign'
(scrartcl)           for `\subparagraph on input line 4771.
Class scrartcl Info: using compatibility default `afterindent=bysign'
(scrartcl)           for `\subparagraph on input line 4771.
\abovecaptionskip=\skip59
\belowcaptionskip=\skip60
\c@pti@nb@sid@b@x=\box47
Package tocbasic Info: omitting babel extension for `lof'
(tocbasic)             because of feature `nobabel' available
(tocbasic)             for `lof' on input line 6002.
\scr@dte@figure@maxnumwidth=\skip61
\c@figure=\count180
Package tocbasic Info: omitting babel extension for `lot'
(tocbasic)             because of feature `nobabel' available
(tocbasic)             for `lot' on input line 6014.
\scr@dte@table@maxnumwidth=\skip62
\c@table=\count181
Class scrartcl Info: Redefining `\numberline' on input line 6178.
\bibindent=\dimen134
)
Package typearea Info: These are the values describing the layout:
(typearea)             DIV  = 10
(typearea)             BCOR = 0.0pt
(typearea)             \paperwidth      = 597.50793pt
(typearea)              \textwidth      = 418.25555pt
(typearea)              DIV departure   = -6%
(typearea)              \evensidemargin = 17.3562pt
(typearea)              \oddsidemargin  = 17.3562pt
(typearea)             \paperheight     = 845.04694pt
(typearea)              \textheight     = 595.80026pt
(typearea)              \topmargin      = -25.16531pt
(typearea)              \headheight     = 17.0pt
(typearea)              \headsep        = 20.40001pt
(typearea)              \topskip        = 11.0pt
(typearea)              \footskip       = 47.6pt
(typearea)              \baselineskip   = 13.6pt
(typearea)              on input line 76.

(/usr/share/texlive/texmf-dist/tex/latex/graphics/graphicx.sty
Package: graphicx 2019/11/30 v1.2a Enhanced LaTeX Graphics (DPC,SPQR)

(/usr/share/texlive/texmf-dist/tex/latex/graphics/graphics.sty
Package: graphics 2019/11/30 v1.4a Standard LaTeX Graphics (DPC,SPQR)

(/usr/share/texlive/texmf-dist/tex/latex/graphics/trig.sty
Package: trig 2016/01/03 v1.10 sin cos tan (DPC)
)
(/usr/share/texlive/texmf-dist/tex/latex/graphics-cfg/graphics.cfg
File: graphics.cfg 2016/06/04 v1.11 sample graphics configuration
)
Package graphics Info: Driver file: pdftex.def on input line 105.

(/usr/share/texlive/texmf-dist/tex/latex/graphics-def/pdftex.def
File: pdftex.def 2018/01/08 v1.0l Graphics/color driver for pdftex
))
\Gin@req@height=\dimen135
\Gin@req@width=\dimen136
)
(/usr/share/texlive/texmf-dist/tex/latex/amsmath/amsmath.sty
Package: amsmath 2020/01/20 v2.17e AMS math features
\@mathmargin=\skip63

For additional information on amsmath, use the `?' option.
(/usr/share/texlive/texmf-dist/tex/latex/amsmath/amstext.sty
Package: amstext 2000/06/29 v2.01 AMS text

(/usr/share/texlive/texmf-dist/tex/latex/amsmath/amsgen.sty
File: amsgen.sty 1999/11/30 v2.0 generic functions
\@emptytoks=\toks15
\ex@=\dimen137
))
(/usr/share/texlive/texmf-dist/tex/latex/amsmath/amsbsy.sty
Package: amsbsy 1999/11/29 v1.2d Bold Symbols
\pmbraise@=\dimen138
)
(/usr/share/texlive/texmf-dist/tex/latex/amsmath/amsopn.sty
Package: amsopn 2016/03/08 v2.02 operator names
)
\inf@bad=\count182
LaTeX Info: Redefining \frac on input line 227.
\uproot@=\count183
\leftroot@=\count184
LaTeX Info: Redefining \overline on input line 389.
\classnum@=\count185
\DOTSCASE@=\count186
LaTeX Info: Redefining \ldots on input line 486.
LaTeX Info: Redefining \dots on input line 489.
LaTeX Info: Redefining \cdots on input line 610.
\Mathstrutbox@=\box48
\strutbox@=\box49
\big@size=\dimen139
LaTeX Font Info:    Redeclaring font encoding OML on input line 733.
LaTeX Font Info:    Redeclaring font encoding OMS on input line 734.
\macc@depth=\count187
\c@MaxMatrixCols=\count188
\dotsspace@=\muskip16
\c@parentequation=\count189
\dspbrk@lvl=\count190
\tag@help=\toks16
\row@=\count191
\column@=\count192
\maxfields@=\count193
\andhelp@=\toks17
\eqnshift@=\dimen140
\alignsep@=\dimen141
\tagshift@=\dimen142
\tagwidth@=\dimen143
\totwidth@=\dimen144
\lineht@=\dimen145
\@envbody=\toks18
\multlinegap=\skip64
\multlinetaggap=\skip65
\mathdisplay@stack=\toks19
LaTeX Info: Redefining \[ on input line 2859.
LaTeX Info: Redefining \] on input line 2860.
)
(/usr/share/texlive/texmf-dist/tex/latex/amsfonts/amsfonts.sty
Package: amsfonts 2013/01/14 v3.01 Basic AMSFonts support
\symAMSa=\mathgroup4
\symAMSb=\mathgroup5
LaTeX Font Info:    Redeclaring math symbol \hbar on input line 98.
LaTeX Font Info:    Overwriting math alphabet `\mathfrak' in version `bold'
(Font)                  U/euf/m/n --> U/euf/b/n on input line 106.
)
(/usr/share/texlive/texmf-dist/tex/latex/amsfonts/amssymb.sty
Package: amssymb 2013/01/14 v3.01 AMS font symbols
)
(/usr/share/texlive/texmf-dist/tex/latex/etoolbox/etoolbox.sty
Package: etoolbox 2019/09/21 v2.5h e-TeX tools for LaTeX (JAW)
\etb@tempcnta=\count194
)
(/usr/share/texlive/texmf-dist/tex/latex/preprint/balance.sty
Package: balance 1999/02/23 4.3 (PWD)
\oldvsize=\dimen146
)
(/usr/share/texlive/texmf-dist/tex/latex/booktabs/booktabs.sty
Package: booktabs 2020/01/12 v1.61803398 Publication quality tables
\heavyrulewidth=\dimen147
\lightrulewidth=\dimen148
\cmidrulewidth=\dimen149
\belowrulesep=\dimen150
\belowbottomsep=\dimen151
\aboverulesep=\dimen152
\abovetopsep=\dimen153
\cmidrulesep=\dimen154
\cmidrulekern=\dimen155
\defaultaddspace=\dimen156
\@cmidla=\count195
\@cmidlb=\count196
\@aboverulesep=\dimen157
\@belowrulesep=\dimen158
\@thisruleclass=\count197
\@lastruleclass=\count198
\@thisrulewidth=\dimen159
)
(/usr/share/texlive/texmf-dist/tex/latex/makecell/makecell.sty
Package: makecell 2009/08/03 V0.1e Managing of Tab Column Heads and Cells

(/usr/share/texlive/texmf-dist/tex/latex/tools/array.sty
Package: array 2019/08/31 v2.4l Tabular extension package (FMi)
\col@sep=\dimen160
\ar@mcellbox=\box50
\extrarowheight=\dimen161
\NC@list=\toks20
\extratabsurround=\skip66
\backup@length=\skip67
\ar@cellbox=\box51
)
\rotheadsize=\dimen162
\c@nlinenum=\count199
\TeXr@lab=\toks21
)
(/usr/share/texlive/texmf-dist/tex/latex/multirow/multirow.sty
Package: multirow 2019/05/31 v2.5 Span multiple rows of a table
\multirow@colwidth=\skip68
\multirow@cntb=\count266
\multirow@dima=\skip69
\bigstrutjot=\dimen163
)
(/usr/share/texlive/texmf-dist/tex/latex/colortbl/colortbl.sty
Package: colortbl 2020/01/04 v1.0e Color table columns (DPC)

(/usr/share/texlive/texmf-dist/tex/latex/graphics/color.sty
Package: color 2019/11/23 v1.2a Standard LaTeX Color (DPC)

(/usr/share/texlive/texmf-dist/tex/latex/graphics-cfg/color.cfg
File: color.cfg 2016/01/02 v1.6 sample color configuration
)
Package color Info: Driver file: pdftex.def on input line 147.
)
\everycr=\toks22
\minrowclearance=\skip70
)
(/usr/share/texlive/texmf-dist/tex/latex/tools/dcolumn.sty
Package: dcolumn 2014/10/28 v1.06 decimal alignment package (DPC)
)
(/usr/share/texlive/texmf-dist/tex/latex/sttools/stfloats.sty
Package: stfloats 2017/03/27 v3.3 Improve float mechanism and baselineskip sett
ings
\@dblbotnum=\count267
\c@dblbotnumber=\count268
)
(/usr/share/texlive/texmf-dist/tex/latex/tools/xspace.sty
Package: xspace 2014/10/28 v1.13 Space after command names (DPC,MH)
)
(/usr/share/texlive/texmf-dist/tex/generic/xstring/xstring.sty
(/usr/share/texlive/texmf-dist/tex/generic/xstring/xstring.tex
\integerpart=\count269
\decimalpart=\count270
)
Package: xstring 2019/02/06 v1.83 String manipulations (CT)
)
(/usr/share/texlive/texmf-dist/tex/latex/footmisc/footmisc.sty
Package: footmisc 2011/06/06 v5.5b a miscellany of footnote facilities
\FN@temptoken=\toks23
\footnotemargin=\dimen164
\c@pp@next@reset=\count271
Package footmisc Info: Declaring symbol style bringhurst on input line 855.
Package footmisc Info: Declaring symbol style chicago on input line 863.
Package footmisc Info: Declaring symbol style wiley on input line 872.
Package footmisc Info: Declaring symbol style lamport-robust on input line 883.

Package footmisc Info: Declaring symbol style lamport* on input line 903.
Package footmisc Info: Declaring symbol style lamport*-robust on input line 924
.
)
(/usr/share/texlive/texmf-dist/tex/latex/xcolor/xcolor.sty
Package: xcolor 2016/05/11 v2.12 LaTeX color extensions (UK)

(/usr/share/texlive/texmf-dist/tex/latex/graphics-cfg/color.cfg
File: color.cfg 2016/01/02 v1.6 sample color configuration
)
Package xcolor Info: Driver file: pdftex.def on input line 225.
LaTeX Info: Redefining \color on input line 709.
Package xcolor Info: Model `cmy' substituted by `cmy0' on input line 1348.
Package xcolor Info: Model `hsb' substituted by `rgb' on input line 1352.
Package xcolor Info: Model `RGB' extended on input line 1364.
Package xcolor Info: Model `HTML' substituted by `rgb' on input line 1366.
Package xcolor Info: Model `Hsb' substituted by `hsb' on input line 1367.
Package xcolor Info: Model `tHsb' substituted by `hsb' on input line 1368.
Package xcolor Info: Model `HSB' substituted by `hsb' on input line 1369.
Package xcolor Info: Model `Gray' substituted by `gray' on input line 1370.
Package xcolor Info: Model `wave' substituted by `hsb' on input line 1371.

(/usr/share/texlive/texmf-dist/tex/latex/graphics/dvipsnam.def
File: dvipsnam.def 2016/06/17 v3.0m Driver-dependent file (DPC,SPQR)
)
(/usr/share/texlive/texmf-dist/tex/latex/xcolor/svgnam.def
File: svgnam.def 2016/05/11 v2.12 Predefined colors according to SVG 1.1 (UK)
))
(/usr/share/texlive/texmf-dist/tex/generic/iftex/iftex.sty
Package: iftex 2019/11/07 v1.0c TeX engine tests
)
(/usr/share/texlive/texmf-dist/tex/latex/microtype/microtype.sty
Package: microtype 2019/11/18 v2.7d Micro-typographical refinements (RS)
\MT@toks=\toks24
\MT@count=\count272
LaTeX Info: Redefining \textls on input line 790.
\MT@outer@kern=\dimen165
LaTeX Info: Redefining \textmicrotypecontext on input line 1354.
\MT@listname@count=\count273

(/usr/share/texlive/texmf-dist/tex/latex/microtype/microtype-pdftex.def
File: microtype-pdftex.def 2019/11/18 v2.7d Definitions specific to pdftex (RS)

LaTeX Info: Redefining \lsstyle on input line 914.
LaTeX Info: Redefining \lslig on input line 914.
\MT@outer@space=\skip71
)
Package microtype Info: Loading configuration file microtype.cfg.

(/usr/share/texlive/texmf-dist/tex/latex/microtype/microtype.cfg
File: microtype.cfg 2019/11/18 v2.7d microtype main configuration file (RS)
))
(/usr/share/texlive/texmf-dist/tex/latex/cmap/cmap.sty
Package: cmap 2008/03/06 v1.0h CMap support: searchable PDF
)
(/usr/share/texlive/texmf-dist/tex/latex/pdfx/pdfx.sty
Package: pdfx 2019/02/27 v1.6.3 PDF/X and PDF/A support (CVR/HTH/RRM/PS)
\pdfx@minorversion=\count274

(/usr/share/texlive/texmf-dist/tex/generic/iftex/ifpdf.sty
Package: ifpdf 2019/10/25 v3.4 ifpdf legacy package. Use iftex instead.
)
(/usr/share/texlive/texmf-dist/tex/generic/iftex/ifxetex.sty
Package: ifxetex 2019/10/25 v0.7 ifxetex legacy package. Use iftex instead.
)
(/usr/share/texlive/texmf-dist/tex/latex/ms/everyshi.sty
Package: everyshi 2001/05/15 v3.00 EveryShipout Package (MS)
)
(/usr/share/texlive/texmf-dist/tex/generic/iftex/ifluatex.sty
Package: ifluatex 2019/10/25 v1.5 ifluatex legacy package. Use iftex instead.
){/var/lib/texmf/fonts/map/pdftex/updmap/pdftex.map}
(/usr/share/texlive/texmf-dist/tex/latex/base/inputenc.sty
Package: inputenc 2018/08/11 v1.3c Input encoding file
\inpenc@prehook=\toks25
\inpenc@posthook=\toks26
)
(/usr/share/texlive/texmf-dist/tex/latex/pdfx/l8u-penc.def
File: l8u-penc.def 2017/06/23 v0.8 Custom LaTeX file, for UTF8 encoded letters 
and symbols
LaTeX Info: Composite with undeclared \b in encoding L8U on input line 278.
)
\pdfxsafeforxmp@toks=\toks27
\pdfx@tmptoks=\toks28

(/usr/share/texlive/texmf-dist/tex/latex/hyperref/hyperref.sty
Package: hyperref 2020/01/14 v7.00d Hypertext links for LaTeX

(/usr/share/texlive/texmf-dist/tex/generic/ltxcmds/ltxcmds.sty
Package: ltxcmds 2019/12/15 v1.24 LaTeX kernel commands for general use (HO)
)
(/usr/share/texlive/texmf-dist/tex/latex/pdftexcmds/pdftexcmds.sty
Package: pdftexcmds 2019/11/24 v0.31 Utility functions of pdfTeX for LuaTeX (HO
)

(/usr/share/texlive/texmf-dist/tex/generic/infwarerr/infwarerr.sty
Package: infwarerr 2019/12/03 v1.5 Providing info/warning/error messages (HO)
)
Package pdftexcmds Info: \pdf@primitive is available.
Package pdftexcmds Info: \pdf@ifprimitive is available.
Package pdftexcmds Info: \pdfdraftmode found.
)
(/usr/share/texlive/texmf-dist/tex/generic/kvsetkeys/kvsetkeys.sty
Package: kvsetkeys 2019/12/15 v1.18 Key value parser (HO)
)
(/usr/share/texlive/texmf-dist/tex/generic/kvdefinekeys/kvdefinekeys.sty
Package: kvdefinekeys 2019-12-19 v1.6 Define keys (HO)
)
(/usr/share/texlive/texmf-dist/tex/generic/pdfescape/pdfescape.sty
Package: pdfescape 2019/12/09 v1.15 Implements pdfTeX's escape features (HO)
)
(/usr/share/texlive/texmf-dist/tex/latex/hycolor/hycolor.sty
Package: hycolor 2020-01-27 v1.10 Color options for hyperref/bookmark (HO)
)
(/usr/share/texlive/texmf-dist/tex/latex/letltxmacro/letltxmacro.sty
Package: letltxmacro 2019/12/03 v1.6 Let assignment for LaTeX macros (HO)
)
(/usr/share/texlive/texmf-dist/tex/latex/auxhook/auxhook.sty
Package: auxhook 2019-12-17 v1.6 Hooks for auxiliary files (HO)
)
(/usr/share/texlive/texmf-dist/tex/latex/kvoptions/kvoptions.sty
Package: kvoptions 2019/11/29 v3.13 Key value format for package options (HO)
)
\@linkdim=\dimen166
\Hy@linkcounter=\count275
\Hy@pagecounter=\count276

(/usr/share/texlive/texmf-dist/tex/latex/hyperref/pd1enc.def
File: pd1enc.def 2020/01/14 v7.00d Hyperref: PDFDocEncoding definition (HO)
)
(/usr/share/texlive/texmf-dist/tex/generic/intcalc/intcalc.sty
Package: intcalc 2019/12/15 v1.3 Expandable calculations with integers (HO)
)
(/usr/share/texlive/texmf-dist/tex/generic/etexcmds/etexcmds.sty
Package: etexcmds 2019/12/15 v1.7 Avoid name clashes with e-TeX commands (HO)
)
\Hy@SavedSpaceFactor=\count277
\pdfmajorversion=\count278
Package hyperref Info: Option `pdfa' set `true' on input line 4421.
Package hyperref Info: Hyper figures OFF on input line 4547.
Package hyperref Info: Link nesting OFF on input line 4552.
Package hyperref Info: Hyper index ON on input line 4555.
Package hyperref Info: Plain pages OFF on input line 4562.
Package hyperref Info: Backreferencing OFF on input line 4567.
Package hyperref Info: Implicit mode ON; LaTeX internals redefined.
Package hyperref Info: Bookmarks ON on input line 4800.
\c@Hy@tempcnt=\count279

(/usr/share/texlive/texmf-dist/tex/latex/url/url.sty
\Urlmuskip=\muskip17
Package: url 2013/09/16  ver 3.4  Verb mode for urls, etc.
)
LaTeX Info: Redefining \url on input line 5159.
\XeTeXLinkMargin=\dimen167

(/usr/share/texlive/texmf-dist/tex/generic/bitset/bitset.sty
Package: bitset 2019/12/09 v1.3 Handle bit-vector datatype (HO)

(/usr/share/texlive/texmf-dist/tex/generic/bigintcalc/bigintcalc.sty
Package: bigintcalc 2019/12/15 v1.5 Expandable calculations on big integers (HO
)
))
\Fld@menulength=\count280
\Field@Width=\dimen168
\Fld@charsize=\dimen169
Package hyperref Info: Hyper figures OFF on input line 6430.
Package hyperref Info: Link nesting OFF on input line 6435.
Package hyperref Info: Hyper index ON on input line 6438.
Package hyperref Info: backreferencing OFF on input line 6445.
Package hyperref Info: Link coloring OFF on input line 6450.
Package hyperref Info: Link coloring with OCG OFF on input line 6455.
Package hyperref Info: PDF/A mode ON on input line 6458.
LaTeX Info: Redefining \ref on input line 6500.
LaTeX Info: Redefining \pageref on input line 6504.

(/usr/share/texlive/texmf-dist/tex/generic/atbegshi/atbegshi.sty
Package: atbegshi 2019/12/05 v1.19 At begin shipout hook (HO)
)
\Hy@abspage=\count281
\c@Item=\count282
\c@Hfootnote=\count283
)
Package hyperref Info: Driver: hpdftex.

(/usr/share/texlive/texmf-dist/tex/latex/hyperref/hpdftex.def
File: hpdftex.def 2020/01/14 v7.00d Hyperref driver for pdfTeX

(/usr/share/texlive/texmf-dist/tex/latex/atveryend/atveryend.sty
Package: atveryend 2019-12-11 v1.11 Hooks at the very end of document (HO)
)
\Fld@listcount=\count284
\c@bookmark@seq@number=\count285

(/usr/share/texlive/texmf-dist/tex/latex/rerunfilecheck/rerunfilecheck.sty
Package: rerunfilecheck 2019/12/05 v1.9 Rerun checks for auxiliary files (HO)

(/usr/share/texlive/texmf-dist/tex/generic/uniquecounter/uniquecounter.sty
Package: uniquecounter 2019/12/15 v1.4 Provide unlimited unique counter (HO)
)
Package uniquecounter Info: New unique counter `rerunfilecheck' on input line 2
86.
)
\Hy@SectionHShift=\skip72
)
Package hyperref Info: Option `unicode' set `true' on input line 1463.

(/usr/share/texlive/texmf-dist/tex/latex/hyperref/puenc.def
File: puenc.def 2020/01/14 v7.00d Hyperref: PDF Unicode definition (HO)
)
(/usr/share/texlive/texmf-dist/tex/generic/stringenc/stringenc.sty
Package: stringenc 2019/11/29 v1.12 Convert strings between diff. encodings (HO
)
)
Package hyperref Info: Option `psdextra' set `true' on input line 1465.

(/usr/share/texlive/texmf-dist/tex/latex/hyperref/psdextra.def
File: psdextra.def 2020/01/14 v7.00d Hyperref: Additions to PDF string support
)
(/usr/share/texlive/texmf-dist/tex/generic/colorprofiles/colorprofiles.sty
Package: colorprofiles 2018/11/01 v1.0.1 color profiles for PDF/X and PDF/A sup
port

(/usr/share/texlive/texmf-dist/tex/generic/colorprofiles/colorprofiles.tex))
(/usr/share/texlive/texmf-dist/tex/generic/stringenc/se-pdfdoc.def
File: se-pdfdoc.def 2019/11/29 v1.12 stringenc: PDFDocEncoding
)
(/usr/share/texlive/texmf-dist/tex/latex/pdfx/AdobeColorProfiles.tex)
(/usr/share/texlive/texmf-dist/tex/latex/pdfx/8bit.def
File: 8bit.def 2008/03/30 v1.1d Input encoding file
)
** pdfx: Metadata file sample-2col+minted.xmpdata read successfully.
(./sample-2col+minted.xmpdata)<<sRGB.icc>>
(/usr/share/texlive/texmf-dist/tex/latex/pdfx/8bit.def
File: 8bit.def 2008/03/30 v1.1d Input encoding file
)
(/usr/share/texlive/texmf-dist/tex/latex/pdfx/8bit.def
File: 8bit.def 2008/03/30 v1.1d Input encoding file
)
(/usr/share/texlive/texmf-dist/tex/generic/stringenc/se-utf8.def
File: se-utf8.def 2019/11/29 v1.12 stringenc: UTF-8
)
(/usr/share/texlive/texmf-dist/tex/latex/pdfx/8bit.def
File: 8bit.def 2008/03/30 v1.1d Input encoding file
)
Package hyperref Info: Option `unicode' set `true' on input line 2411.
Package hyperref Info: Option `unicode' set `true' on input line 2412.

(/usr/share/texlive/texmf-dist/tex/generic/pdftex/glyphtounicode.tex)
(/usr/share/texlive/texmf-dist/tex/latex/pdfx/glyphtounicode-cmr.tex)
(/usr/share/texlive/texmf-dist/tex/latex/pdfx/glyphtounicode-ntx.tex)
(/usr/share/texlive/texmf-dist/tex/latex/base/ifthen.sty
Package: ifthen 2014/09/29 v1.1c Standard LaTeX ifthen package (DPC)
)
(/usr/share/texlive/texmf-dist/tex/latex/xmpincl/xmpincl.sty
Package: xmpincl 2008/05/10 v2.2 Include XMP data in pdflatex
)
(/usr/share/texlive/texmf-dist/tex/latex/pdfx/8bit.def
File: 8bit.def 2008/03/30 v1.1d Input encoding file
)
Using XMP template file: pdfa.xmp
\xmpinclWrite=\write3
\xmpinclRead=\read2
\openout3 = `pdfa.xmpi'.

<<pdfa.xmpi>>)
Package hyperref Info: Option `colorlinks' set `true' on input line 173.
Package hyperref Info: Option `bookmarksnumbered' set `true' on input line 173.

Package hyperref Info: Option `unicode' set `true' on input line 173.

(/usr/share/texlive/texmf-dist/tex/latex/fontawesome5/fontawesome5.sty
Package: fontawesome5 2020/01/17 v5.12.0.1 Font Awesome 5

(/usr/share/texlive/texmf-dist/tex/latex/l3packages/l3keys2e/l3keys2e.sty
Package: l3keys2e 2020-02-14 LaTeX2e option processing using LaTeX3 keys
)
(/usr/share/texlive/texmf-dist/tex/latex/fontawesome5/fontawesome5-generic-help
er.sty
Package: fontawesome5-generic-helper 2020/01/17 v5.12.0.1 non-uTeX helper for f
ontawesome5

(/usr/share/texlive/texmf-dist/tex/latex/fontawesome5/fontawesome5-mapping.def)
))
\g_xmpdata_output_iow=\write4
\openout4 = `sample-2col+minted.xmpdata'.

\l_ceur_title_before_dim=\dimen170
\l_ceur_title_after_dim=\dimen171
\g_ead_int=\count286
\g_uad_int=\count287
\g_orcid_int=\count288
\@eadauthor=\toks29
\g_ceur_tnote_int=\count289
\g_ceur_fnote_int=\count290
\g_ceur_cor_int=\count291
\g_ceur_au_int=\count292
\g_ceur_aau_int=\count293
\l_autype_int=\count294
\l_ceur_augroup_before_dim=\dimen172
\l_ceur_augroup_after_dim=\dimen173
\l_ceur_augroup_lskip_tl=\dimen174
\l_ceur_augroup_rskip_tl=\dimen175
\g_num_short_authors=\count295
\g_ceur_aff_int=\count296
\l_ceur_aff_before_dim=\dimen176
\l_ceur_aff_after_dim=\dimen177
\l_ceur_aff_lskip_dim=\dimen178
\l_ceur_aff_rskip_dim=\dimen179
\g_ceur_augr_int=\count297
\g_ceur_aaugr_int=\count298
 (/usr/share/texlive/texmf-dist/tex/latex/moreverb/moreverb.sty
Package: moreverb 2008/06/03 v2.3a `more' verbatim facilities

(/usr/share/texlive/texmf-dist/tex/latex/tools/verbatim.sty
Package: verbatim 2019/11/10 v1.5r LaTeX2e package for verbatim enhancements
\every@verbatim=\toks30
\verbatim@line=\toks31
\verbatim@in@stream=\read3
)
\tab@position=\count299
\tab@size=\count300
\listing@line=\count301
)
\g_ceur_abs_box=\box52
\casgrabsbox=\box53
\casauhlbox=\box54
\g_ceur_key_box=\box55
\ccLogoWidth=\dimen180

(/usr/share/texlive/texmf-dist/tex/latex/tools/calc.sty
Package: calc 2017/05/25 v4.3 Infix arithmetic (KKT,FJ)
\calc@Acount=\count302
\calc@Bcount=\count303
\calc@Adimen=\dimen181
\calc@Bdimen=\dimen182
\calc@Askip=\skip73
\calc@Bskip=\skip74
LaTeX Info: Redefining \setlength on input line 80.
LaTeX Info: Redefining \addtolength on input line 81.
\calc@Ccount=\count304
\calc@Cskip=\skip75
)
\g_ceur_jtype_int=\count305
\g_ceur_blind_int=\count306
\c@au=\count307
\c@cnote=\count308
\c@tnote=\count309
\c@fnote=\count310
\c@aff=\count311
\g_ceur_notes_box=\box56
\g_ceur_front_box=\box57
\paraindent=\dimen183
\subparaindent=\dimen184

(/usr/share/texlive/texmf-dist/tex/latex/koma-script/scrlayer-scrpage.sty
Package: scrlayer-scrpage 2020/01/24 v3.29 KOMA-Script package (end user interf
ace for scrlayer)

(/usr/share/texlive/texmf-dist/tex/latex/koma-script/scrlayer.sty
Package: scrlayer 2020/01/24 v3.29 KOMA-Script package (defining layers and pag
e styles)
Package scrlayer Info: Using already defined \footheight
(scrlayer)             hoping, that this is a length and
(scrlayer)             not only a macro on input line 109.
Package scrlayer Info: patching LaTeX kernel macro \pagestyle on input line 210
6.
)
Package scrlayer-scrpage Info: Makeing stand-alone element `pagehead' from
(scrlayer-scrpage)             alias to `pageheadfoot' on input line 1244.
Package scrlayer-scrpage Info: deactivating warning for font element
(scrlayer-scrpage)             `pagefoot' on input line 1271.
)
Package scrlayer-scrpage Info: auto-selection of `pagestyleset=KOMA-Script'.
\FullWidth=\dimen185
\l_tbl_width_dim=\dimen186
\l_tbl_abovecap_skip=\skip76
\l_tbl_belowcap_skip=\skip77
\l_tbl_abovetbl_skip=\skip78
\l_tbl_belowtbl_skip=\skip79
\l_fig_width_dim=\dimen187
\l_fig_abovecap_skip=\skip80
\l_fig_belowcap_skip=\skip81
\l_fig_abovefig_skip=\skip82
\l_fig_belowfig_skip=\skip83

(/usr/share/texlive/texmf-dist/tex/latex/wrapfig/wrapfig.sty
\wrapoverhang=\dimen188
\WF@size=\dimen189
\c@WF@wrappedlines=\count312
\WF@box=\box58
\WF@everypar=\toks32
Package: wrapfig 2003/01/31  v 3.6
)
\l_wrap_figwidth_dim=\dimen190
\l_wrap_fighspace_dim=\dimen191
\l_wrap_figvspace_dim=\dimen192
\l_wrap_fighcorr_dim=\dimen193
\l_wrap_figvcorr_dim=\dimen194
\l_above_bio_dim=\dimen195
\l_wrap_figlcorr_int=\count313
\l_wrap_figlines_int=\count314
\l_bio_text_box=\box59
\c@ca_biography_ctr=\count315
\l_ca_temp_inta=\count316
\leftMargin=\dimen196
\@enLab=\toks33
\@sep=\skip84
\@@sep=\skip85

(/usr/share/texlive/texmf-dist/tex/latex/natbib/natbib.sty
Package: natbib 2010/09/13 8.31b (PWD, AO)
\bibhang=\skip86
\bibsep=\skip87
LaTeX Info: Redefining \cite on input line 694.
\c@NAT@ctr=\count317
)
(/usr/share/texlive/texmf-dist/tex/latex/base/fontenc.sty
Package: fontenc 2020/02/11 v2.0o Standard LaTeX package
<<t1.cmap>>)
(/usr/share/texlive/texmf-dist/tex/latex/libertinus/libertinus.sty
Package: libertinus 2018/09/03 v. 0.01 (Herbert Voss) Supports libertinus fonts
 for pdflatex/lualatex/xelatex

(/usr/share/texlive/texmf-dist/tex/latex/xkeyval/xkeyval.sty
Package: xkeyval 2014/12/03 v2.7a package option processing (HA)

(/usr/share/texlive/texmf-dist/tex/generic/xkeyval/xkeyval.tex
(/usr/share/texlive/texmf-dist/tex/generic/xkeyval/xkvutils.tex
\XKV@toks=\toks34
\XKV@tempa@toks=\toks35
)
\XKV@depth=\count318
File: xkeyval.tex 2014/12/03 v2.7a key=value parser (HA)
))
(/usr/share/texlive/texmf-dist/tex/latex/libertinus-type1/libertinus-type1.sty
Package: libertinus-type1 2019/05/28 (Bob Tennent) Supports libertinus fonts fo
r latex/pdflatex.

(/usr/share/texlive/texmf-dist/tex/latex/base/textcomp.sty
Package: textcomp 2020/02/02 v2.0n Standard LaTeX package
)
(/usr/share/texlive/texmf-dist/tex/latex/base/fontenc.sty
Package: fontenc 2020/02/11 v2.0o Standard LaTeX package
)
(/usr/share/texlive/texmf-dist/tex/latex/fontaxes/fontaxes.sty
Package: fontaxes 2014/03/23 v1.0d Font selection axes
LaTeX Info: Redefining \upshape on input line 29.
LaTeX Info: Redefining \itshape on input line 31.
LaTeX Info: Redefining \slshape on input line 33.
LaTeX Info: Redefining \swshape on input line 35.
LaTeX Info: Redefining \scshape on input line 37.
LaTeX Info: Redefining \sscshape on input line 39.
LaTeX Info: Redefining \ulcshape on input line 41.
LaTeX Info: Redefining \textsw on input line 47.
LaTeX Info: Redefining \textssc on input line 48.
LaTeX Info: Redefining \textulc on input line 49.
)))
LaTeX Info: Redefining \rm on input line 2939.
LaTeX Info: Redefining \sf on input line 2940.
LaTeX Info: Redefining \tt on input line 2941.
LaTeX Info: Redefining \bf on input line 2942.
LaTeX Info: Redefining \it on input line 2943.
LaTeX Info: Redefining \sl on input line 2944.
LaTeX Info: Redefining \sc on input line 2945.
)
(/usr/share/texlive/texmf-dist/tex/latex/minted/minted.sty
Package: minted 2017/07/19 v2.5 Yet another Pygments shim for LaTeX

(/usr/share/texlive/texmf-dist/tex/latex/fvextra/fvextra.sty
Package: fvextra 2019/02/04 v1.4 fvextra - extensions and patches for fancyvrb

(/usr/share/texlive/texmf-dist/tex/latex/fancyvrb/fancyvrb.sty
Package: fancyvrb 2020/01/13 v3.5 verbatim text (tvz,hv)
\FV@CodeLineNo=\count319
\FV@InFile=\read4
\FV@TabBox=\box60
\c@FancyVerbLine=\count320
\FV@StepNumber=\count321
\FV@OutFile=\write5
)
(/usr/share/texlive/texmf-dist/tex/latex/upquote/upquote.sty
Package: upquote 2012/04/19 v1.3 upright-quote and grave-accent glyphs in verba
tim
)
(/usr/share/texlive/texmf-dist/tex/latex/lineno/lineno.sty
Package: lineno 2005/11/02 line numbers on paragraphs v4.41
\linenopenalty=\count322
\output=\toks36
\linenoprevgraf=\count323
\linenumbersep=\dimen197
\linenumberwidth=\dimen198
\c@linenumber=\count324
\c@pagewiselinenumber=\count325
\c@LN@truepage=\count326
\c@internallinenumber=\count327
\c@internallinenumbers=\count328
\quotelinenumbersep=\dimen199
\bframerule=\dimen256
\bframesep=\dimen257
\bframebox=\box61
LaTeX Info: Redefining \\ on input line 3056.
)
\c@FV@TrueTabGroupLevel=\count329
\c@FV@TrueTabCounter=\count330
\FV@TabBox@Group=\box62
\FV@TmpLength=\skip88
\c@FV@HighlightLinesStart=\count331
\c@FV@HighlightLinesStop=\count332
\FV@LoopCount=\count333
\FV@NCharsBox=\box63
\FV@BreakIndent=\dimen258
\FV@BreakIndentNChars=\count334
\FV@BreakSymbolSepLeft=\dimen259
\FV@BreakSymbolSepLeftNChars=\count335
\FV@BreakSymbolSepRight=\dimen260
\FV@BreakSymbolSepRightNChars=\count336
\FV@BreakSymbolIndentLeft=\dimen261
\FV@BreakSymbolIndentLeftNChars=\count337
\FV@BreakSymbolIndentRight=\dimen262
\FV@BreakSymbolIndentRightNChars=\count338
\c@FancyVerbLineBreakLast=\count339
\FV@LineBox=\box64
\FV@LineIndentBox=\box65
\FV@LineWidth=\dimen263
)
(/usr/share/texlive/texmf-dist/tex/latex/tools/shellesc.sty
Package: shellesc 2019/11/08 v1.0c unified shell escape interface for LaTeX
Package shellesc Info: Unrestricted shell escape enabled on input line 75.
)
(/usr/share/texlive/texmf-dist/tex/latex/ifplatform/ifplatform.sty
Package: ifplatform 2017/10/13 v0.4a Testing for the operating system

(/usr/share/texlive/texmf-dist/tex/generic/catchfile/catchfile.sty
Package: catchfile 2019/12/09 v1.8 Catch the contents of a file (HO)
)
runsystem(uname -s > "sample-2col+minted.w18")...executed.


(./sample-2col+minted.w18)
runsystem(rm -- "sample-2col+minted.w18")...executed.

)
(/usr/share/texlive/texmf-dist/tex/latex/framed/framed.sty
Package: framed 2011/10/22 v 0.96: framed or shaded text with page breaks
\OuterFrameSep=\skip89
\fb@frw=\dimen264
\fb@frh=\dimen265
\FrameRule=\dimen266
\FrameSep=\dimen267
)
(/usr/share/texlive/texmf-dist/tex/latex/float/float.sty
Package: float 2001/11/08 v1.3d Float enhancements (AL)
\c@float@type=\count340
\float@exts=\toks37
\float@box=\box66
\@float@everytoks=\toks38
\@floatcapt=\box67
)
\minted@appexistsfile=\read5
\minted@bgbox=\box68
\minted@code=\write6
\c@minted@FancyVerbLineTemp=\count341
\c@minted@pygmentizecounter=\count342
\@float@every@listing=\toks39
\c@listing=\count343
)
runsystem(mkdir -p _minted-sample-2col+minted)...executed.

runsystem(which pygmentize && touch sample-2col+minted.aex)...executed.

runsystem(rm sample-2col+minted.aex)...executed.


(./sample-2col+minted.aux)
\openout1 = `sample-2col+minted.aux'.

LaTeX Font Info:    Checking defaults for OML/cmm/m/it on input line 24.
LaTeX Font Info:    ... okay on input line 24.
LaTeX Font Info:    Checking defaults for OMS/cmsy/m/n on input line 24.
LaTeX Font Info:    ... okay on input line 24.
LaTeX Font Info:    Checking defaults for OT1/cmr/m/n on input line 24.
LaTeX Font Info:    ... okay on input line 24.
LaTeX Font Info:    Checking defaults for T1/cmr/m/n on input line 24.
LaTeX Font Info:    ... okay on input line 24.
LaTeX Font Info:    Checking defaults for TS1/cmr/m/n on input line 24.
LaTeX Font Info:    ... okay on input line 24.
LaTeX Font Info:    Checking defaults for OMX/cmex/m/n on input line 24.
LaTeX Font Info:    ... okay on input line 24.
LaTeX Font Info:    Checking defaults for U/cmr/m/n on input line 24.
LaTeX Font Info:    ... okay on input line 24.
LaTeX Font Info:    Checking defaults for PD1/pdf/m/n on input line 24.
LaTeX Font Info:    ... okay on input line 24.
LaTeX Font Info:    Checking defaults for PU/pdf/m/n on input line 24.
LaTeX Font Info:    ... okay on input line 24.
LaTeX Font Info:    Trying to load font information for T1+LibertinusSerif-TLF 
on input line 24.

(/usr/share/texlive/texmf-dist/tex/latex/libertinus-type1/T1LibertinusSerif-TLF
.fd
File: T1LibertinusSerif-TLF.fd 2019/12/17 (autoinst) Font definitions for T1/Li
bertinusSerif-TLF.
)
LaTeX Font Info:    Font shape `T1/LibertinusSerif-TLF/m/n' aliased to
(Font)              `T1/LibertinusSerif-TLF/regular/n' on input line 24.
LaTeX Font Info:    Font shape `T1/LibertinusSerif-TLF/regular/n' will be
(Font)              scaled to size 9.0pt on input line 24.
Package scrbase Info: activating english \contentsname on input line 24.
Package scrbase Info: activating english \listfigurename on input line 24.
Package scrbase Info: activating english \listtablename on input line 24.
 (/usr/share/texlive/texmf-dist/tex/context/base/mkii/supp-pdf.mkii
[Loading MPS to PDF converter (version 2006.09.02).]
\scratchcounter=\count344
\scratchdimen=\dimen268
\scratchbox=\box69
\nofMPsegments=\count345
\nofMParguments=\count346
\everyMPshowfont=\toks40
\MPscratchCnt=\count347
\MPscratchDim=\dimen269
\MPnumerator=\count348
\makeMPintoPDFobject=\count349
\everyMPtoPDFconversion=\toks41
) (/usr/share/texlive/texmf-dist/tex/latex/epstopdf-pkg/epstopdf-base.sty
Package: epstopdf-base 2020-01-24 v2.11 Base part for package epstopdf
Package epstopdf-base Info: Redefining graphics rule for `.eps' on input line 4
85.

(/usr/share/texlive/texmf-dist/tex/latex/latexconfig/epstopdf-sys.cfg
File: epstopdf-sys.cfg 2010/07/13 v1.3 Configuration of (r)epstopdf for TeX Liv
e
))
LaTeX Info: Redefining \microtypecontext on input line 24.
Package microtype Info: Generating PDF output.
Package microtype Info: Character protrusion enabled (level 2).
Package microtype Info: Using default protrusion set `alltext'.
Package microtype Info: Automatic font expansion enabled (level 2),
(microtype)             stretch: 20, shrink: 20, step: 1, non-selected.
Package microtype Info: Using default expansion set `basictext'.
LaTeX Info: Redefining \showhyphens on input line 24.
Package microtype Info: No adjustment of tracking.
Package microtype Info: No adjustment of interword spacing.
Package microtype Info: No adjustment of character kerning.
Package microtype Info: Loading generic protrusion settings for font family
(microtype)             `LibertinusSerif-TLF' (encoding: T1).
(microtype)             For optimal results, create family-specific settings.
(microtype)             See the microtype manual for details.

ABD: EveryShipout initializing macros
\AtBeginShipoutBox=\box70
Package hyperref Info: Link coloring ON on input line 24.

(/usr/share/texlive/texmf-dist/tex/latex/hyperref/nameref.sty
Package: nameref 2019/09/16 v2.46 Cross-referencing by name of section

(/usr/share/texlive/texmf-dist/tex/latex/refcount/refcount.sty
Package: refcount 2019/12/15 v3.6 Data extraction from label references (HO)
)
(/usr/share/texlive/texmf-dist/tex/generic/gettitlestring/gettitlestring.sty
Package: gettitlestring 2019/12/15 v1.6 Cleanup title references (HO)
)
\c@section@level=\count350
)
LaTeX Info: Redefining \ref on input line 24.
LaTeX Info: Redefining \pageref on input line 24.
LaTeX Info: Redefining \nameref on input line 24.

(./sample-2col+minted.out) (./sample-2col+minted.out)
\@outlinefile=\write7
\openout7 = `sample-2col+minted.out'.

Class scrartcl Info: loading recommended package `bookmark'.
(scrartcl)           Using `bookmark' together with `hyperref' is recommended,
(scrartcl)           because of handling of possible bookmark level gaps.
(scrartcl)           You can avoid loading `bookmark' with KOMA-Script option
(scrartcl)           `bookmarkpackage=false' before \begin{document} and
(scrartcl)           you can avoid this message adding:
(scrartcl)             \usepackage{bookmark}
(scrartcl)           before \begin{document} on input line 24.

(/usr/share/texlive/texmf-dist/tex/latex/bookmark/bookmark.sty
Package: bookmark 2019/12/03 v1.28 PDF bookmarks (HO)

(/usr/share/texlive/texmf-dist/tex/latex/bookmark/bkm-pdftex.def
File: bkm-pdftex.def 2019/12/03 v1.28 bookmark driver for pdfTeX (HO)
Package auxhook Info: \AddLineBeginMainAux comes a little late,
(auxhook)             because the main .aux file is already opened on input lin
e 168.
\BKM@id=\count351
))
\c@mv@tabular=\count352
\c@mv@boldtabular=\count353
\verbatim@out=\write8
\openout8 = `sample-2col+minted.abs'.

LaTeX Font Info:    Font shape `T1/LibertinusSerif-TLF/b/n' aliased to
(Font)              `T1/LibertinusSerif-TLF/bold/n' on input line 102.
LaTeX Font Info:    Font shape `T1/LibertinusSerif-TLF/bold/n' will be
(Font)              scaled to size 9.0pt on input line 102.
LaTeX Font Info:    Trying to load font information for T1+LibertinusSans-TLF o
n input line 102.

(/usr/share/texlive/texmf-dist/tex/latex/libertinus-type1/T1LibertinusSans-TLF.
fd
File: T1LibertinusSans-TLF.fd 2019/12/17 (autoinst) Font definitions for T1/Lib
ertinusSans-TLF.
)
LaTeX Font Info:    Font shape `T1/LibertinusSans-TLF/b/n' aliased to
(Font)              `T1/LibertinusSans-TLF/bold/n' on input line 102.
LaTeX Font Info:    Font shape `T1/LibertinusSans-TLF/bold/n' will be
(Font)              scaled to size 9.0pt on input line 102.
Package microtype Info: Loading generic protrusion settings for font family
(microtype)             `LibertinusSans-TLF' (encoding: T1).
(microtype)             For optimal results, create family-specific settings.
(microtype)             See the microtype manual for details.
LaTeX Font Info:    Font shape `T1/LibertinusSerif-TLF/m/n' aliased to
(Font)              `T1/LibertinusSerif-TLF/regular/n' on input line 102.
LaTeX Font Info:    Font shape `T1/LibertinusSerif-TLF/regular/n' will be
(Font)              scaled to size 7.50009pt on input line 102.
LaTeX Font Info:    Font shape `T1/LibertinusSerif-TLF/m/n' aliased to
(Font)              `T1/LibertinusSerif-TLF/regular/n' on input line 107.
LaTeX Font Info:    Font shape `T1/LibertinusSerif-TLF/regular/n' will be
(Font)              scaled to size 15.55197pt on input line 107.
LaTeX Font Info:    Font shape `T1/LibertinusSans-TLF/m/n' aliased to
(Font)              `T1/LibertinusSans-TLF/regular/n' on input line 107.
LaTeX Font Info:    Font shape `T1/LibertinusSans-TLF/regular/n' will be
(Font)              scaled to size 15.55197pt on input line 107.
LaTeX Font Info:    Font shape `T1/LibertinusSans-TLF/b/n' aliased to
(Font)              `T1/LibertinusSans-TLF/bold/n' on input line 107.
LaTeX Font Info:    Font shape `T1/LibertinusSans-TLF/bold/n' will be
(Font)              scaled to size 15.55197pt on input line 107.
LaTeX Font Info:    Calculating math sizes for size <15.55197> on input line 10
7.


LaTeX Font Warning: Font shape `OT1/cmr/m/n' in size <15.55197> not available
(Font)              size <14.4> substituted on input line 107.

<<ot1.cmap>> (/usr/share/texlive/texmf-dist/tex/latex/microtype/mt-cmr.cfg
File: mt-cmr.cfg 2013/05/19 v2.2 microtype config. file: Computer Modern Roman 
(RS)
)

LaTeX Font Warning: Font shape `OML/cmm/m/it' in size <15.55197> not available
(Font)              size <14.4> substituted on input line 107.

<<oml.cmap>>

LaTeX Font Warning: Font shape `OMS/cmsy/m/n' in size <15.55197> not available
(Font)              size <14.4> substituted on input line 107.

<<oms.cmap>><<omx.cmap>>
LaTeX Font Info:    Trying to load font information for U+msa on input line 107
.

(/usr/share/texlive/texmf-dist/tex/latex/amsfonts/umsa.fd
File: umsa.fd 2013/01/14 v3.01 AMS symbols A
)
(/usr/share/texlive/texmf-dist/tex/latex/microtype/mt-msa.cfg
File: mt-msa.cfg 2006/02/04 v1.1 microtype config. file: AMS symbols (a) (RS)
)
LaTeX Font Info:    Trying to load font information for U+msb on input line 107
.

(/usr/share/texlive/texmf-dist/tex/latex/amsfonts/umsb.fd
File: umsb.fd 2013/01/14 v3.01 AMS symbols B
)
(/usr/share/texlive/texmf-dist/tex/latex/microtype/mt-msb.cfg
File: mt-msb.cfg 2005/06/01 v1.0 microtype config. file: AMS symbols (b) (RS)
)
LaTeX Font Info:    Font shape `T1/LibertinusSerif-TLF/m/n' aliased to
(Font)              `T1/LibertinusSerif-TLF/regular/n' on input line 107.
LaTeX Font Info:    Font shape `T1/LibertinusSerif-TLF/regular/n' will be
(Font)              scaled to size 10.79997pt on input line 107.
LaTeX Font Info:    Calculating math sizes for size <10.79997> on input line 10
7.


LaTeX Font Warning: Font shape `OT1/cmr/m/n' in size <7.55994> not available
(Font)              size <8> substituted on input line 107.


LaTeX Font Warning: Font shape `OML/cmm/m/it' in size <7.55994> not available
(Font)              size <8> substituted on input line 107.


LaTeX Font Warning: Font shape `OMS/cmsy/m/n' in size <7.55994> not available
(Font)              size <8> substituted on input line 107.

LaTeX Font Info:    Font shape `T1/LibertinusSerif-TLF/m/n' aliased to
(Font)              `T1/LibertinusSerif-TLF/regular/n' on input line 107.
LaTeX Font Info:    Font shape `T1/LibertinusSerif-TLF/regular/n' will be
(Font)              scaled to size 7.55994pt on input line 107.
LaTeX Font Info:    Font shape `T1/LibertinusSerif-TLF/m/it' aliased to
(Font)              `T1/LibertinusSerif-TLF/regular/it' on input line 107.
LaTeX Font Info:    Font shape `T1/LibertinusSerif-TLF/regular/it' will be
(Font)              scaled to size 7.55994pt on input line 107.
LaTeX Font Info:    Calculating math sizes for size <7.55994> on input line 107
.

LaTeX Font Warning: Font shape `OT1/cmr/m/n' in size <3.77997> not available
(Font)              size <5> substituted on input line 107.


LaTeX Font Warning: Font shape `OML/cmm/m/it' in size <3.77997> not available
(Font)              size <5> substituted on input line 107.


LaTeX Font Warning: Font shape `OMS/cmsy/m/n' in size <3.77997> not available
(Font)              size <5> substituted on input line 107.

LaTeX Font Info:    Font shape `T1/LibertinusSerif-TLF/m/n' aliased to
(Font)              `T1/LibertinusSerif-TLF/regular/n' on input line 107.
LaTeX Font Info:    Font shape `T1/LibertinusSerif-TLF/regular/n' will be
(Font)              scaled to size 12.96002pt on input line 107.
LaTeX Font Info:    Font shape `T1/LibertinusSerif-TLF/m/it' aliased to
(Font)              `T1/LibertinusSerif-TLF/regular/it' on input line 107.
LaTeX Font Info:    Font shape `T1/LibertinusSerif-TLF/regular/it' will be
(Font)              scaled to size 7.50009pt on input line 107.
LaTeX Font Info:    Calculating math sizes for size <7.50009> on input line 107
.

LaTeX Font Warning: Font shape `OT1/cmr/m/n' in size <7.50009> not available
(Font)              size <8> substituted on input line 107.


LaTeX Font Warning: Font shape `OT1/cmr/m/n' in size <3.75005> not available
(Font)              size <5> substituted on input line 107.


LaTeX Font Warning: Font shape `OML/cmm/m/it' in size <7.50009> not available
(Font)              size <8> substituted on input line 107.


LaTeX Font Warning: Font shape `OML/cmm/m/it' in size <3.75005> not available
(Font)              size <5> substituted on input line 107.


LaTeX Font Warning: Font shape `OMS/cmsy/m/n' in size <7.50009> not available
(Font)              size <8> substituted on input line 107.


LaTeX Font Warning: Font shape `OMS/cmsy/m/n' in size <3.75005> not available
(Font)              size <5> substituted on input line 107.

LaTeX Font Info:    Font shape `T1/LibertinusSerif-TLF/m/it' aliased to
(Font)              `T1/LibertinusSerif-TLF/regular/it' on input line 107.
LaTeX Font Info:    Font shape `T1/LibertinusSerif-TLF/regular/it' will be
(Font)              scaled to size 5.25003pt on input line 107.
(./sample-2col+minted.abs
LaTeX Font Info:    Font shape `T1/LibertinusSerif-TLF/m/n' aliased to
(Font)              `T1/LibertinusSerif-TLF/regular/n' on input line 1.
LaTeX Font Info:    Font shape `T1/LibertinusSerif-TLF/regular/n' will be
(Font)              scaled to size 5.25003pt on input line 1.
)
Overfull \hbox (376.42744pt too wide) detected at line 107
[]
 []


Package hyperref Warning: Ignoring empty anchor on input line 107.

LaTeX Font Info:    Calculating math sizes for size <5.25003> on input line 107
.

LaTeX Font Warning: Font shape `OT1/cmr/m/n' in size <3.675> not available
(Font)              size <5> substituted on input line 107.


LaTeX Font Warning: Font shape `OT1/cmr/m/n' in size <2.62502> not available
(Font)              size <5> substituted on input line 107.


LaTeX Font Warning: Font shape `OML/cmm/m/it' in size <3.675> not available
(Font)              size <5> substituted on input line 107.


LaTeX Font Warning: Font shape `OML/cmm/m/it' in size <2.62502> not available
(Font)              size <5> substituted on input line 107.


LaTeX Font Warning: Font shape `OMS/cmsy/m/n' in size <3.675> not available
(Font)              size <5> substituted on input line 107.


LaTeX Font Warning: Font shape `OMS/cmsy/m/n' in size <2.62502> not available
(Font)              size <5> substituted on input line 107.


Package hyperref Warning: Ignoring empty anchor on input line 107.


Package hyperref Warning: Ignoring empty anchor on input line 107.


Package hyperref Warning: Ignoring empty anchor on input line 107.


Package hyperref Warning: Ignoring empty anchor on input line 107.

LaTeX Font Info:    Trying to load font information for U+fontawesomefree1 on i
nput line 107.
(/usr/share/texlive/texmf-dist/tex/latex/fontawesome5/ufontawesomefree1.fd)

Package hyperref Warning: Ignoring empty anchor on input line 107.


Package hyperref Warning: Ignoring empty anchor on input line 107.

LaTeX Font Info:    Trying to load font information for U+fontawesomebrands1 on
 input line 107.
(/usr/share/texlive/texmf-dist/tex/latex/fontawesome5/ufontawesomebrands1.fd)
LaTeX Font Info:    Font shape `U/fontawesomebrands1/solid/n' in size <7.50009>
 not available
(Font)              Font shape `U/fontawesomebrands1/regular/n' tried instead o
n input line 107.


Package hyperref Warning: Ignoring empty anchor on input line 107.

<cc-by.pdf, id=20, 88.33pt x 31.11626pt>
File: cc-by.pdf Graphic file (type pdf)
<use cc-by.pdf>
Package pdftex.def Info: cc-by.pdf  used on input line 107.
(pdftex.def)             Requested size: 25.549pt x 9.00008pt.
LaTeX Font Info:    Font shape `T1/LibertinusSerif-TLF/m/n' aliased to
(Font)              `T1/LibertinusSerif-TLF/regular/n' on input line 107.
LaTeX Font Info:    Font shape `T1/LibertinusSerif-TLF/regular/n' will be
(Font)              scaled to size 4.5pt on input line 107.
LaTeX Font Info:    Trying to load font information for TS1+LibertinusSerif-TLF
 on input line 107.

(/usr/share/texlive/texmf-dist/tex/latex/libertinus-type1/TS1LibertinusSerif-TL
F.fd
File: TS1LibertinusSerif-TLF.fd 2019/12/17 (autoinst) Font definitions for TS1/
LibertinusSerif-TLF.
)
LaTeX Font Info:    Font shape `TS1/LibertinusSerif-TLF/m/n' aliased to
(Font)              `TS1/LibertinusSerif-TLF/regular/n' on input line 107.
LaTeX Font Info:    Font shape `TS1/LibertinusSerif-TLF/regular/n' will be
(Font)              scaled to size 4.5pt on input line 107.
Package microtype Info: Loading generic protrusion settings for font family
(microtype)             `LibertinusSerif-TLF' (encoding: TS1).
(microtype)             For optimal results, create family-specific settings.
(microtype)             See the microtype manual for details.

Overfull \hbox (3.75005pt too wide) in paragraph at lines 107--107
[][][][]| | $[]$ $[]$|  
 []


Package hyperref Warning: Ignoring empty anchor on input line 107.

File: cc-by.pdf Graphic file (type pdf)
<use cc-by.pdf>
Package pdftex.def Info: cc-by.pdf  used on input line 107.
(pdftex.def)             Requested size: 25.549pt x 9.00008pt.
<ceur-ws-logo.pdf, id=24, 412.56496pt x 113.81102pt>
File: ceur-ws-logo.pdf Graphic file (type pdf)
<use ceur-ws-logo.pdf>
Package pdftex.def Info: ceur-ws-logo.pdf  used on input line 107.
(pdftex.def)             Requested size: 25.549pt x 7.04716pt.

Overfull \hbox (3.75005pt too wide) in paragraph at lines 107--107
[][][][]| | $[]$ $[]$|  
 []

LaTeX Font Info:    Font shape `T1/LibertinusSans-TLF/m/n' aliased to
(Font)              `T1/LibertinusSans-TLF/regular/n' on input line 109.
LaTeX Font Info:    Font shape `T1/LibertinusSans-TLF/regular/n' will be
(Font)              scaled to size 9.0pt on input line 109.
LaTeX Font Info:    Font shape `T1/LibertinusSans-TLF/b/n' aliased to
(Font)              `T1/LibertinusSans-TLF/bold/n' on input line 109.
LaTeX Font Info:    Font shape `T1/LibertinusSans-TLF/bold/n' will be
(Font)              scaled to size 12.96002pt on input line 109.
LaTeX Font Info:    Font shape `T1/LibertinusSerif-TLF/m/n' aliased to
(Font)              `T1/LibertinusSerif-TLF/regular/n' on input line 111.
LaTeX Font Info:    Font shape `T1/LibertinusSerif-TLF/regular/n' will be
(Font)              scaled to size 6.0pt on input line 111.
LaTeX Font Info:    Trying to load font information for T1+LibertinusMono-TLF o
n input line 119.

(/usr/share/texlive/texmf-dist/tex/latex/libertinus-type1/T1LibertinusMono-TLF.
fd
File: T1LibertinusMono-TLF.fd 2019/05/28 (autoinst) Font definitions for T1/Lib
ertinusMono-TLF.
)
LaTeX Font Info:    Font shape `T1/LibertinusMono-TLF/m/n' in size <9> not avai
lable
(Font)              Font shape `T1/LibertinusMono-TLF/regular/n' tried instead 
on input line 119.
LaTeX Font Info:    Font shape `T1/LibertinusMono-TLF/regular/n' will be
(Font)              scaled to size 7.65005pt on input line 119.
Package microtype Info: Loading generic protrusion settings for font family
(microtype)             `LibertinusMono-TLF' (encoding: T1).
(microtype)             For optimal results, create family-specific settings.
(microtype)             See the microtype manual for details.
LaTeX Font Info:    Font shape `T1/LibertinusSerif-TLF/m/it' aliased to
(Font)              `T1/LibertinusSerif-TLF/regular/it' on input line 121.
LaTeX Font Info:    Font shape `T1/LibertinusSerif-TLF/regular/it' will be
(Font)              scaled to size 9.0pt on input line 121.
LaTeX Font Info:    Font shape `TS1/LibertinusSerif-TLF/m/n' aliased to
(Font)              `TS1/LibertinusSerif-TLF/regular/n' on input line 128.
LaTeX Font Info:    Font shape `TS1/LibertinusSerif-TLF/regular/n' will be
(Font)              scaled to size 9.0pt on input line 128.
\openout6 = `sample-2col+minted.pyg'.

 (./_minted-sample-2col+minted/default-pyg-prefix.pygstyle)
(./_minted-sample-2col+minted/default.pygstyle)
(./_minted-sample-2col+minted/7A129EFE8C5910B3BBE53C9A9B2A6A900081088B3034E725E
0D9295E5CDC30C5.pygtex
LaTeX Font Info:    Font shape `T1/LibertinusMono-TLF/b/n' in size <9> not avai
lable
(Font)              Font shape `T1/LibertinusMono-TLF/bold/n' tried instead on 
input line 2.
LaTeX Font Info:    Font shape `T1/LibertinusMono-TLF/bold/n' will be
(Font)              scaled to size 7.65005pt on input line 2.
)
\openout6 = `sample-2col+minted.pyg'.


(./_minted-sample-2col+minted/53743985B13F1F5BE2BB84B3CEE4ADFF0081088B3034E725E
0D9295E5CDC30C5.pygtex)
\openout5 = `sample-2col+minted.pyg'.


(./_minted-sample-2col+minted/81788FCEF816CE92561A6BD22FBF1C7F0081088B3034E725E
0D9295E5CDC30C5.pygtex)
\openout6 = `sample-2col+minted.pyg'.


(./_minted-sample-2col+minted/58389C4DD161EB692E9BF1FF0C4A25820081088B3034E725E
0D9295E5CDC30C5.pygtex)
\openout6 = `sample-2col+minted.pyg'.


(./_minted-sample-2col+minted/D2810CD55F68321FE435A407C59652210081088B3034E725E
0D9295E5CDC30C5.pygtex)
LaTeX Font Info:    Font shape `T1/LibertinusSans-TLF/b/n' aliased to
(Font)              `T1/LibertinusSans-TLF/bold/n' on input line 169.
LaTeX Font Info:    Font shape `T1/LibertinusSans-TLF/bold/n' will be
(Font)              scaled to size 10.79997pt on input line 169.
\openout6 = `sample-2col+minted.pyg'.


(./_minted-sample-2col+minted/7BA999C13AAF142B3E9624CF443E27630081088B3034E725E
0D9295E5CDC30C5.pygtex)
LaTeX Font Info:    Font shape `T1/LibertinusSans-TLF/m/n' aliased to
(Font)              `T1/LibertinusSans-TLF/regular/n' on input line 178.
LaTeX Font Info:    Font shape `T1/LibertinusSans-TLF/regular/n' will be
(Font)              scaled to size 8.21255pt on input line 178.
LaTeX Font Info:    Calculating math sizes for size <8.21255> on input line 178
.


LaTeX Font Warning: Font shape `OT1/cmr/m/n' in size <4.10628> not available
(Font)              size <5> substituted on input line 178.


LaTeX Font Warning: Font shape `OML/cmm/m/it' in size <4.10628> not available
(Font)              size <5> substituted on input line 178.


LaTeX Font Warning: Font shape `OMS/cmsy/m/n' in size <4.10628> not available
(Font)              size <5> substituted on input line 178.

LaTeX Font Info:    Font shape `T1/LibertinusSerif-TLF/m/n' aliased to
(Font)              `T1/LibertinusSerif-TLF/regular/n' on input line 178.
LaTeX Font Info:    Font shape `T1/LibertinusSerif-TLF/regular/n' will be
(Font)              scaled to size 8.21255pt on input line 178.
[1


 <./cc-by.pdf> <./ceur-ws-logo.pdf>]
\openout6 = `sample-2col+minted.pyg'.


(./_minted-sample-2col+minted/7BA999C13AAF142B3E9624CF443E27630081088B3034E725E
0D9295E5CDC30C5.pygtex)
\openout5 = `sample-2col+minted.pyg'.


(./_minted-sample-2col+minted/B971A300B9667A3871C49A6B617DC5780081088B3034E725E
0D9295E5CDC30C5.pygtex)
\openout5 = `sample-2col+minted.pyg'.


(./_minted-sample-2col+minted/F9B0F36B7B10F877A8776F93F0523A280081088B3034E725E
0D9295E5CDC30C5.pygtex)
\openout5 = `sample-2col+minted.pyg'.


(./_minted-sample-2col+minted/E1E727F34DE3553DCAEDFAA93FF4A5BB0081088B3034E725E
0D9295E5CDC30C5.pygtex
LaTeX Font Info:    Font shape `T1/LibertinusMono-TLF/m/n' in size <4.5> not av
ailable
(Font)              Font shape `T1/LibertinusMono-TLF/regular/n' tried instead 
on input line 2.
LaTeX Font Info:    Font shape `T1/LibertinusMono-TLF/regular/n' will be
(Font)              scaled to size 3.82503pt on input line 2.
LaTeX Font Info:    Calculating math sizes for size <4.5> on input line 2.


LaTeX Font Warning: Font shape `OT1/cmr/m/n' in size <4.5> not available
(Font)              size <5> substituted on input line 2.


LaTeX Font Warning: Font shape `OT1/cmr/m/n' in size <3.14998> not available
(Font)              size <5> substituted on input line 2.


LaTeX Font Warning: Font shape `OT1/cmr/m/n' in size <2.25> not available
(Font)              size <5> substituted on input line 2.


LaTeX Font Warning: Font shape `OML/cmm/m/it' in size <4.5> not available
(Font)              size <5> substituted on input line 2.


LaTeX Font Warning: Font shape `OML/cmm/m/it' in size <3.14998> not available
(Font)              size <5> substituted on input line 2.


LaTeX Font Warning: Font shape `OML/cmm/m/it' in size <2.25> not available
(Font)              size <5> substituted on input line 2.


LaTeX Font Warning: Font shape `OMS/cmsy/m/n' in size <4.5> not available
(Font)              size <5> substituted on input line 2.


LaTeX Font Warning: Font shape `OMS/cmsy/m/n' in size <3.14998> not available
(Font)              size <5> substituted on input line 2.


LaTeX Font Warning: Font shape `OMS/cmsy/m/n' in size <2.25> not available
(Font)              size <5> substituted on input line 2.

)
\openout5 = `sample-2col+minted.pyg'.


(./_minted-sample-2col+minted/D27711ADEA8FF8BDACCCEA44F95E43400081088B3034E725E
0D9295E5CDC30C5.pygtex)
\openout6 = `sample-2col+minted.pyg'.


(./_minted-sample-2col+minted/25AC99EAE622141991699FA826E930660081088B3034E725E
0D9295E5CDC30C5.pygtex)
\openout5 = `sample-2col+minted.pyg'.


(./_minted-sample-2col+minted/7D2B810B9AD3F0C18747136F22CFD1F20081088B3034E725E
0D9295E5CDC30C5.pygtex)
\openout5 = `sample-2col+minted.pyg'.


(./_minted-sample-2col+minted/007AD2697DF87D0DD143A45FACD951CF0081088B3034E725E
0D9295E5CDC30C5.pygtex)
\openout5 = `sample-2col+minted.pyg'.


(./_minted-sample-2col+minted/DF70F204CA8F924ECDC11DA462E852D90081088B3034E725E
0D9295E5CDC30C5.pygtex)
\openout6 = `sample-2col+minted.pyg'.


(./_minted-sample-2col+minted/CE2E1985F7582025AC7252D303C0C7EA0081088B3034E725E
0D9295E5CDC30C5.pygtex)
\openout6 = `sample-2col+minted.pyg'.


(./_minted-sample-2col+minted/3FEEC316C195D244A5A5C9CE39996C370081088B3034E725E
0D9295E5CDC30C5.pygtex)
\openout6 = `sample-2col+minted.pyg'.


(./_minted-sample-2col+minted/2AF39739CC4E3B5910C918468BB898280081088B3034E725E
0D9295E5CDC30C5.pygtex)
\openout6 = `sample-2col+minted.pyg'.


(./_minted-sample-2col+minted/77C84FC3D9F3DBE3E0829C619C85B5CD0081088B3034E725E
0D9295E5CDC30C5.pygtex)
\openout6 = `sample-2col+minted.pyg'.


(./_minted-sample-2col+minted/4F70AEFF4B4F5693508BFCBA725053D30081088B3034E725E
0D9295E5CDC30C5.pygtex)
\openout6 = `sample-2col+minted.pyg'.


(./_minted-sample-2col+minted/F2D5059776DBD2145D247749682833F00081088B3034E725E
0D9295E5CDC30C5.pygtex)
\openout6 = `sample-2col+minted.pyg'.


(./_minted-sample-2col+minted/746ABE47EA59B537D5716B004A9834670081088B3034E725E
0D9295E5CDC30C5.pygtex)
\openout6 = `sample-2col+minted.pyg'.


(./_minted-sample-2col+minted/4F84013A8B5E4C2B7529058C8FAFCAA80081088B3034E725E
0D9295E5CDC30C5.pygtex)
\openout6 = `sample-2col+minted.pyg'.


(./_minted-sample-2col+minted/20BE803FA76256EBFF5A3090A351DCE60081088B3034E725E
0D9295E5CDC30C5.pygtex)
\openout6 = `sample-2col+minted.pyg'.


(./_minted-sample-2col+minted/D6F47D940DF4823ABA5A37D128570B9D0081088B3034E725E
0D9295E5CDC30C5.pygtex)
\openout5 = `sample-2col+minted.pyg'.


(./_minted-sample-2col+minted/D1700DE11A8282C97010870ACDDA60AF0081088B3034E725E
0D9295E5CDC30C5.pygtex
LaTeX Font Info:    Font shape `T1/LibertinusMono-TLF/m/it' in size <9> not ava
ilable
(Font)              Font shape `T1/LibertinusMono-TLF/regular/it' tried instead
 on input line 2.
LaTeX Font Info:    Font shape `T1/LibertinusMono-TLF/regular/it' in size <9> n
ot available
(Font)              Font shape `T1/LibertinusMono-TLF/regular/sl' tried instead
 on input line 2.
LaTeX Font Info:    Font shape `T1/LibertinusMono-TLF/regular/sl' will be
(Font)              scaled to size 7.65005pt on input line 2.
)
\openout6 = `sample-2col+minted.pyg'.


(./_minted-sample-2col+minted/B16397C709ECE1A90ABF6FDC8F98FABB0081088B3034E725E
0D9295E5CDC30C5.pygtex)
\openout6 = `sample-2col+minted.pyg'.


(./_minted-sample-2col+minted/C3339EB50F7D9625E2C1F0072FA3B2770081088B3034E725E
0D9295E5CDC30C5.pygtex)
Underfull \hbox (badness 2318) in paragraph at lines 265--268
\T1/LibertinusSerif-TLF/regular/n/9 (+20) Abstract shall be en-tered in an en-v
i-ron-ment that
 []


Underfull \hbox (badness 10000) in paragraph at lines 265--268
\T1/LibertinusSerif-TLF/regular/n/9 (+20) starts with []\T1/LibertinusMono-TLF/
bold/n/9 \begin[][]\T1/LibertinusMono-TLF/regular/n/9 {[]abstract[]}[] \T1/Libe
rtinusSerif-TLF/regular/n/9 (+20) and ends with
 []

\openout5 = `sample-2col+minted.pyg'.


(./_minted-sample-2col+minted/A38815AA6A8A8D07D41A1C1290958D7B0081088B3034E725E
0D9295E5CDC30C5.pygtex)
\openout6 = `sample-2col+minted.pyg'.


(./_minted-sample-2col+minted/842659618853C79C4790F9B6EC0BD31D0081088B3034E725E
0D9295E5CDC30C5.pygtex)
\openout6 = `sample-2col+minted.pyg'.


(./_minted-sample-2col+minted/CE08E8F5890F56A18478BC9D9AB8928B0081088B3034E725E
0D9295E5CDC30C5.pygtex)
\openout5 = `sample-2col+minted.pyg'.


(./_minted-sample-2col+minted/AD071DF7710564E32D9FFF3976C747940081088B3034E725E
0D9295E5CDC30C5.pygtex)
\openout6 = `sample-2col+minted.pyg'.


(./_minted-sample-2col+minted/AACD52473BF56661BB44A0623236033A0081088B3034E725E
0D9295E5CDC30C5.pygtex)
\openout6 = `sample-2col+minted.pyg'.


(./_minted-sample-2col+minted/AED204BA1A60E28B44246E4EA01115A70081088B3034E725E
0D9295E5CDC30C5.pygtex)
\openout6 = `sample-2col+minted.pyg'.


(./_minted-sample-2col+minted/8624EB44E5D89867E18115BA6F9B485D0081088B3034E725E
0D9295E5CDC30C5.pygtex)
Underfull \hbox (badness 10000) in paragraph at lines 299--302
\T1/LibertinusSerif-TLF/regular/n/9 (+20) Title mark can be en-tered by the com
-mand,
 []


Underfull \hbox (badness 10000) in paragraph at lines 299--302
[]\T1/LibertinusMono-TLF/bold/n/9 \tnotemark[][]\T1/LibertinusMono-TLF/regular/
n/9 [<num>][] \T1/LibertinusSerif-TLF/regular/n/9 (+20) and the cor-re-spond-
 []


Underfull \hbox (badness 10000) in paragraph at lines 299--302
\T1/LibertinusSerif-TLF/regular/n/9 (+20) ing text can be en-tered with the com
-mand
 []

\openout5 = `sample-2col+minted.pyg'.


(./_minted-sample-2col+minted/BE2630F55A08D9C18D52CF2A2A75702C0081088B3034E725E
0D9295E5CDC30C5.pygtex [2])
\openout6 = `sample-2col+minted.pyg'.


(./_minted-sample-2col+minted/5534BCF872B2B15C37A21167601309950081088B3034E725E
0D9295E5CDC30C5.pygtex)
\openout6 = `sample-2col+minted.pyg'.


(./_minted-sample-2col+minted/90A1B51CFE92EDA1C51CB31B3B260AA40081088B3034E725E
0D9295E5CDC30C5.pygtex)
\openout6 = `sample-2col+minted.pyg'.


(./_minted-sample-2col+minted/AACD52473BF56661BB44A0623236033A0081088B3034E725E
0D9295E5CDC30C5.pygtex)
\openout6 = `sample-2col+minted.pyg'.


(./_minted-sample-2col+minted/14C9A436A011F090C7D6617263FE1ECD0081088B3034E725E
0D9295E5CDC30C5.pygtex)
\openout6 = `sample-2col+minted.pyg'.


(./_minted-sample-2col+minted/9D63088C3CCB1C3502602D9CCF153BB20081088B3034E725E
0D9295E5CDC30C5.pygtex)
\openout6 = `sample-2col+minted.pyg'.


(./_minted-sample-2col+minted/598D0E61317B7D04634947B2913FF1BC0081088B3034E725E
0D9295E5CDC30C5.pygtex)
Underfull \hbox (badness 10000) in paragraph at lines 320--321
[]\T1/LibertinusSerif-TLF/regular/n/9 (+20) corresponding au-thor mark :
 []

\openout6 = `sample-2col+minted.pyg'.


(./_minted-sample-2col+minted/53E38B8A5F58D6247AFBD5245ECB985C0081088B3034E725E
0D9295E5CDC30C5.pygtex)
Underfull \hbox (badness 10000) in paragraph at lines 321--322
[]\T1/LibertinusSerif-TLF/regular/n/9 (+20) corresponding au-thor text :
 []

\openout6 = `sample-2col+minted.pyg'.


(./_minted-sample-2col+minted/341AF98ECF2A30B528E573C2D4D6685A0081088B3034E725E
0D9295E5CDC30C5.pygtex)
\openout5 = `sample-2col+minted.pyg'.


(./_minted-sample-2col+minted/DDFFDA808C3BF40F6F6AFFCA3ABCE1E60081088B3034E725E
0D9295E5CDC30C5.pygtex)
\openout6 = `sample-2col+minted.pyg'.


(./_minted-sample-2col+minted/AACD52473BF56661BB44A0623236033A0081088B3034E725E
0D9295E5CDC30C5.pygtex)
\openout6 = `sample-2col+minted.pyg'.


(./_minted-sample-2col+minted/BFE4E31E1C3C12B976B739832597D6B50081088B3034E725E
0D9295E5CDC30C5.pygtex)
\openout6 = `sample-2col+minted.pyg'.


(./_minted-sample-2col+minted/5D1A600E7FABB743BD092651BF8D59330081088B3034E725E
0D9295E5CDC30C5.pygtex)
\openout6 = `sample-2col+minted.pyg'.


(./_minted-sample-2col+minted/D3A287B5A4726F9F4B85C6EDE39F3A110081088B3034E725E
0D9295E5CDC30C5.pygtex)
\openout6 = `sample-2col+minted.pyg'.


(./_minted-sample-2col+minted/DBF5C926C02F54EC78A10609CECCB3250081088B3034E725E
0D9295E5CDC30C5.pygtex)
LaTeX Font Info:    Font shape `T1/LibertinusSans-TLF/b/n' aliased to
(Font)              `T1/LibertinusSans-TLF/bold/n' on input line 369.
LaTeX Font Info:    Font shape `T1/LibertinusSans-TLF/bold/n' will be
(Font)              scaled to size 8.21255pt on input line 369.
LaTeX Font Info:    Font shape `T1/LibertinusMono-TLF/m/n' in size <8.21255> no
t available
(Font)              Font shape `T1/LibertinusMono-TLF/regular/n' tried instead 
on input line 399.
LaTeX Font Info:    Font shape `T1/LibertinusMono-TLF/regular/n' will be
(Font)              scaled to size 6.98071pt on input line 399.
\openout6 = `sample-2col+minted.pyg'.


(./_minted-sample-2col+minted/EC9E0935CF918BE457E731F4B2868FDB0081088B3034E725E
0D9295E5CDC30C5.pygtex)
\openout6 = `sample-2col+minted.pyg'.


(./_minted-sample-2col+minted/08020A685846B280394F4CD9949A677F0081088B3034E725E
0D9295E5CDC30C5.pygtex) [3]
<sample-franklin.png, id=107, 411.5375pt x 323.2075pt>
File: sample-franklin.png Graphic file (type png)
<use sample-franklin.png>
Package pdftex.def Info: sample-franklin.png  used on input line 463.
(pdftex.def)             Requested size: 204.12778pt x 160.31616pt.
\openout6 = `sample-2col+minted.pyg'.


(./_minted-sample-2col+minted/E140DA65018884348D03B6AA65D8E7220081088B3034E725E
0D9295E5CDC30C5.pygtex)
\openout5 = `sample-2col+minted.pyg'.


(./_minted-sample-2col+minted/302F39E7BE698DD752D85730C1359FB20081088B3034E725E
0D9295E5CDC30C5.pygtex) [4pdfTeX warning (ext4): destination with the same iden
tifier (name{table.1}) has been already used, duplicate ignored

\@EveryShipout@Output ...@Org@Shipout \box \@cclv 
                                                  
l.523 
      pdfTeX warning (ext4): destination with the same identifier (name{table.2
}) has been already used, duplicate ignored

\@EveryShipout@Output ...@Org@Shipout \box \@cclv 
                                                  
l.523 
      pdfTeX warning (ext4): destination with the same identifier (name{figure.
1}) has been already used, duplicate ignored

\@EveryShipout@Output ...@Org@Shipout \box \@cclv 
                                                  
l.523 
       <./sample-franklin.png>]
\openout5 = `sample-2col+minted.pyg'.


(./_minted-sample-2col+minted/1E3F86694453C689CB8F41C9493E8F9D0081088B3034E725E
0D9295E5CDC30C5.pygtex)
\openout6 = `sample-2col+minted.pyg'.


(./_minted-sample-2col+minted/BFE4E31E1C3C12B976B739832597D6B50081088B3034E725E
0D9295E5CDC30C5.pygtex)
\openout6 = `sample-2col+minted.pyg'.


(./_minted-sample-2col+minted/BFA1CF0FD05DBA452B49F6DA99519BBF0081088B3034E725E
0D9295E5CDC30C5.pygtex)
Underfull \hbox (badness 3679) in paragraph at lines 542--544
\T1/LibertinusSerif-TLF/regular/n/9 (+20) bered or un-num-bered []\T1/Libertinu
sMono-TLF/bold/n/9 \section[]\T1/LibertinusSerif-TLF/regular/n/9 (+20) ; please
 use the
 []

\openout6 = `sample-2col+minted.pyg'.


(./_minted-sample-2col+minted/E140DA65018884348D03B6AA65D8E7220081088B3034E725E
0D9295E5CDC30C5.pygtex)
\openout6 = `sample-2col+minted.pyg'.


(./_minted-sample-2col+minted/3C684B180BBB475DCEB509DE20FB1BD70081088B3034E725E
0D9295E5CDC30C5.pygtex)
\openout5 = `sample-2col+minted.pyg'.


(./_minted-sample-2col+minted/3C684B180BBB475DCEB509DE20FB1BD70081088B3034E725E
0D9295E5CDC30C5.pygtex)
Underfull \hbox (badness 3930) in paragraph at lines 564--569
\T1/LibertinusSerif-TLF/regular/n/9 (+20) TeX styles [][]$https : / / github . 
com / borisveytsman / acmart$[][]
 []

(./sample-2col+minted.bbl
Underfull \hbox (badness 7308) in paragraph at lines 45--51
\T1/LibertinusSerif-TLF/regular/n/9 (+20) Verlag, New York, NY, 1979. doi:[][]$
\T1/LibertinusMono-TLF/regular/n/9 10 . 1007 /
 []


Underfull \hbox (badness 1057) in paragraph at lines 74--85
[]\T1/LibertinusSerif-TLF/regular/n/9 (+20) B. P. Dou-glass, D. Harel, M. B. Tr
akht-en-brot,
 []

[5]
Underfull \hbox (badness 10000) in paragraph at lines 153--157
\T1/LibertinusSerif-TLF/regular/n/9 (+20) URL: [][]$http : / / video . google .
 com / videoplay ? docid =
 []


Underfull \hbox (badness 1442) in paragraph at lines 158--167
\T1/LibertinusSerif-TLF/regular/n/9 (+20) Video Re-view on An-i-ma-tion the-ate
r Pro-gram:
 []


Underfull \hbox (badness 10000) in paragraph at lines 158--167
\T1/LibertinusSerif-TLF/regular/n/9 (+20) com / videoplay ? docid = 65280426963
51994555$[][].
 []


Underfull \hbox (badness 2173) in paragraph at lines 211--219
\T1/LibertinusSerif-TLF/regular/it/9 der Math-e-ma-tis-chen Wis-senschaften [Fu
n-da-men-
 []


Underfull \hbox (badness 2173) in paragraph at lines 220--228
\T1/LibertinusSerif-TLF/regular/it/9 der Math-e-ma-tis-chen Wis-senschaften [Fu
n-da-men-
 []

)
Package atveryend Info: Empty hook `BeforeClearDocument' on input line 590.
 [6]
Package atveryend Info: Empty hook `AfterLastShipout' on input line 590.
 (./sample-2col+minted.aux)
Package atveryend Info: Executing hook `AtVeryEndDocument' on input line 590.
Package atveryend Info: Executing hook `AtEndAfterFileList' on input line 590.
Package rerunfilecheck Info: File `sample-2col+minted.out' has not changed.
(rerunfilecheck)             Checksum: D41D8CD98F00B204E9800998ECF8427E;0.


LaTeX Font Warning: Size substitutions with differences
(Font)              up to 2.75pt have occurred.

runsystem(rm sample-2col+minted.pyg)...executed.

 ) 
Here is how much of TeX's memory you used:
 29945 strings out of 483107
 576674 string characters out of 5964631
 958949 words of memory out of 5000000
 43988 multiletter control sequences out of 15000+600000
 683517 words of font info for 233 fonts, out of 8000000 for 9000
 59 hyphenation exceptions out of 8191
 59i,21n,80p,10130b,2526s stack positions out of 5000i,500n,10000p,200000b,80000s
{/usr/share/texlive/texmf-dist/fonts/enc/dvips/libertinus-type1/lbts_mfadfl.e
nc}{/usr/share/texlive/texmf-dist/fonts/enc/dvips/libertinus-type1/lbts_hh5cao.
enc}{/usr/share/texlive/texmf-dist/fonts/enc/dvips/fontawesome5/fa5brands1.enc}
{/usr/share/texlive/texmf-dist/fonts/enc/dvips/fontawesome5/fa5free1.enc}{/usr/
share/texlive/texmf-dist/fonts/enc/dvips/libertinus-type1/lbts_oeoa22.enc}{/usr
/share/texlive/texmf-dist/fonts/enc/dvips/libertinus-type1/lbts_nufysp.enc}{/us
r/share/texlive/texmf-dist/fonts/enc/dvips/libertinus-type1/lbts_75t36g.enc}</u
sr/share/texlive/texmf-dist/fonts/type1/public/fontawesome5/FontAwesome5Brands-
Regular.pfb></usr/share/texlive/texmf-dist/fonts/type1/public/fontawesome5/Font
Awesome5Free-Regular.pfb></usr/share/texlive/texmf-dist/fonts/type1/public/font
awesome5/FontAwesome5Free-Solid.pfb></usr/share/texlive/texmf-dist/fonts/type1/
public/libertinus-type1/LibertinusMono-Bold.pfb></usr/share/texlive/texmf-dist/
fonts/type1/public/libertinus-type1/LibertinusMono-Oblique.pfb></usr/share/texl
ive/texmf-dist/fonts/type1/public/libertinus-type1/LibertinusMono-Regular.pfb><
/usr/share/texlive/texmf-dist/fonts/type1/public/libertinus-type1/LibertinusSan
s-Bold.pfb></usr/share/texlive/texmf-dist/fonts/type1/public/libertinus-type1/L
ibertinusSans-Regular.pfb></usr/share/texlive/texmf-dist/fonts/type1/public/lib
ertinus-type1/LibertinusSerif-Italic.pfb></usr/share/texlive/texmf-dist/fonts/t
ype1/public/libertinus-type1/LibertinusSerif-Regular.pfb></usr/share/texlive/te
xmf-dist/fonts/type1/public/amsfonts/cmextra/cmex9.pfb></usr/share/texlive/texm
f-dist/fonts/type1/public/amsfonts/cm/cmmi10.pfb></usr/share/texlive/texmf-dist
/fonts/type1/public/amsfonts/cm/cmmi5.pfb></usr/share/texlive/texmf-dist/fonts/
type1/public/amsfonts/cm/cmmi6.pfb></usr/share/texlive/texmf-dist/fonts/type1/p
ublic/amsfonts/cm/cmmi8.pfb></usr/share/texlive/texmf-dist/fonts/type1/public/a
msfonts/cm/cmmi9.pfb></usr/share/texlive/texmf-dist/fonts/type1/public/amsfonts
/cm/cmr6.pfb></usr/share/texlive/texmf-dist/fonts/type1/public/amsfonts/cm/cmr8
.pfb></usr/share/texlive/texmf-dist/fonts/type1/public/amsfonts/cm/cmr9.pfb></u
sr/share/texlive/texmf-dist/fonts/type1/public/amsfonts/cm/cmsy5.pfb></usr/shar
e/texlive/texmf-dist/fonts/type1/public/amsfonts/cm/cmsy6.pfb></usr/share/texli
ve/texmf-dist/fonts/type1/public/amsfonts/cm/cmsy8.pfb>
Output written on sample-2col+minted.pdf (6 pages, 705402 bytes).
PDF statistics:
 428 PDF objects out of 1000 (max. 8388607)
 74 named destinations out of 1000 (max. 500000)
 22266 words of extra memory for PDF output out of 24883 (max. 10000000)

